\BOOKMARK [1][-]{section.1}{\376\377\000I\000n\000t\000r\000o\000d\000u\000c\000t\000i\000o\000n}{}% 1
\BOOKMARK [1][-]{section.2}{\376\377\000R\000e\000l\000a\000t\000e\000d\000\040\000W\000o\000r\000k}{}% 2
\BOOKMARK [2][-]{subsection.2.1}{\376\377\000T\000a\000b\000u\000l\000a\000r\000\040\000l\000e\000a\000r\000n\000i\000n\000g\000\040\000f\000o\000r\000\040\000m\000e\000d\000i\000c\000a\000l\000\040\000d\000a\000t\000a\000:\000\040\000t\000r\000e\000e\000\040\000e\000n\000s\000e\000m\000b\000l\000e\000s\000,\000\040\000d\000e\000e\000p\000\040\000t\000a\000b\000u\000l\000a\000r\000\040\000n\000e\000t\000w\000o\000r\000k\000s\000,\000\040\000a\000n\000d\000\040\000t\000a\000b\000u\000l\000a\000r\000\040\000f\000o\000u\000n\000d\000a\000t\000i\000o\000n\000\040\000m\000o\000d\000e\000l\000s}{section.2}% 3
\BOOKMARK [3][-]{subsubsection.2.1.1}{\376\377\000T\000r\000e\000e\000\040\000e\000n\000s\000e\000m\000b\000l\000e\000s\000\040\000f\000o\000r\000\040\000c\000l\000i\000n\000i\000c\000a\000l\000\040\000t\000a\000b\000u\000l\000a\000r\000\040\000d\000a\000t\000a}{subsection.2.1}% 4
\BOOKMARK [3][-]{subsubsection.2.1.2}{\376\377\000D\000e\000e\000p\000\040\000t\000a\000b\000u\000l\000a\000r\000\040\000n\000e\000t\000w\000o\000r\000k\000s}{subsection.2.1}% 5
\BOOKMARK [3][-]{subsubsection.2.1.3}{\376\377\000T\000a\000b\000u\000l\000a\000r\000\040\000f\000o\000u\000n\000d\000a\000t\000i\000o\000n\000\040\000m\000o\000d\000e\000l\000s}{subsection.2.1}% 6
\BOOKMARK [2][-]{subsection.2.2}{\376\377\000D\000o\000m\000a\000i\000n\000\040\000s\000h\000i\000f\000t\000\040\000a\000n\000d\000\040\000d\000o\000m\000a\000i\000n\000\040\000a\000d\000a\000p\000t\000a\000t\000i\000o\000n\000\040\000i\000n\000\040\000m\000e\000d\000i\000c\000a\000l\000\040\000A\000I}{section.2}% 7
\BOOKMARK [3][-]{subsubsection.2.2.1}{\376\377\000S\000t\000a\000t\000i\000s\000t\000i\000c\000a\000l\000\040\000a\000l\000i\000g\000n\000m\000e\000n\000t\000\040\000v\000s\000.\000\040\000a\000d\000v\000e\000r\000s\000a\000r\000i\000a\000l\000\040\000o\000b\000j\000e\000c\000t\000i\000v\000e\000s}{subsection.2.2}% 8
\BOOKMARK [3][-]{subsubsection.2.2.2}{\376\377\000H\000e\000t\000e\000r\000o\000g\000e\000n\000e\000i\000t\000y\000,\000\040\000m\000i\000s\000s\000i\000n\000g\000n\000e\000s\000s\000,\000\040\000a\000n\000d\000\040\000t\000e\000m\000p\000o\000r\000a\000l\000\040\000d\000r\000i\000f\000t}{subsection.2.2}% 9
\BOOKMARK [3][-]{subsubsection.2.2.3}{\376\377\000D\000o\000m\000a\000i\000n\000\040\000g\000e\000n\000e\000r\000a\000l\000i\000z\000a\000t\000i\000o\000n\000\040\000a\000n\000d\000\040\000o\000p\000e\000n\000-\000s\000e\000t\000\040\000g\000a\000p\000s}{subsection.2.2}% 10
\BOOKMARK [3][-]{subsubsection.2.2.4}{\376\377\000D\000o\000m\000a\000i\000n\000\040\000a\000d\000a\000p\000t\000a\000t\000i\000o\000n\000\040\000a\000n\000d\000\040\000t\000r\000a\000n\000s\000f\000e\000r\000\040\000l\000e\000a\000r\000n\000i\000n\000g\000\040\000f\000o\000r\000\040\000c\000l\000i\000n\000i\000c\000a\000l\000\040\000t\000a\000b\000u\000l\000a\000r\000\040\000a\000n\000d\000\040\000E\000H\000R\000\040\000d\000a\000t\000a}{subsection.2.2}% 11
\BOOKMARK [2][-]{subsection.2.3}{\376\377\000F\000e\000a\000t\000u\000r\000e\000\040\000s\000e\000l\000e\000c\000t\000i\000o\000n\000\040\000a\000n\000d\000\040\000d\000o\000m\000a\000i\000n\000-\000a\000w\000a\000r\000e\000\040\000s\000t\000a\000b\000i\000l\000i\000t\000y\000\040\000f\000o\000r\000\040\000s\000m\000a\000l\000l\000\040\000m\000e\000d\000i\000c\000a\000l\000\040\000c\000o\000h\000o\000r\000t\000s}{section.2}% 12
\BOOKMARK [3][-]{subsubsection.2.3.1}{\376\377\000S\000m\000a\000l\000l\000-\000s\000a\000m\000p\000l\000e\000\040\000a\000n\000d\000\040\000h\000i\000g\000h\000-\000d\000i\000m\000e\000n\000s\000i\000o\000n\000a\000l\000\040\000f\000e\000a\000t\000u\000r\000e\000\040\000s\000e\000l\000e\000c\000t\000i\000o\000n}{subsection.2.3}% 13
\BOOKMARK [3][-]{subsubsection.2.3.2}{\376\377\000F\000e\000a\000t\000u\000r\000e\000\040\000s\000e\000l\000e\000c\000t\000i\000o\000n\000\040\000w\000i\000t\000h\000\040\000t\000r\000a\000n\000s\000f\000o\000r\000m\000e\000r\000s\000\040\000a\000n\000d\000\040\000f\000o\000u\000n\000d\000a\000t\000i\000o\000n\000\040\000m\000o\000d\000e\000l\000s}{subsection.2.3}% 14
\BOOKMARK [3][-]{subsubsection.2.3.3}{\376\377\000D\000o\000m\000a\000i\000n\000-\000a\000w\000a\000r\000e\000\040\000a\000n\000d\000\040\000c\000r\000o\000s\000s\000-\000s\000i\000t\000e\000\040\000f\000e\000a\000t\000u\000r\000e\000\040\000s\000e\000l\000e\000c\000t\000i\000o\000n}{subsection.2.3}% 15
\BOOKMARK [2][-]{subsection.2.4}{\376\377\000P\000u\000l\000m\000o\000n\000a\000r\000y\000\040\000n\000o\000d\000u\000l\000e\000\040\000m\000a\000l\000i\000g\000n\000a\000n\000c\000y\000\040\000p\000r\000e\000d\000i\000c\000t\000i\000o\000n\000:\000\040\000f\000r\000o\000m\000\040\000c\000l\000i\000n\000i\000c\000a\000l\000\040\000s\000c\000o\000r\000e\000s\000\040\000t\000o\000\040\000m\000u\000l\000t\000i\000-\000m\000o\000d\000a\000l\000\040\000A\000I}{section.2}% 16
\BOOKMARK [3][-]{subsubsection.2.4.1}{\376\377\000C\000l\000i\000n\000i\000c\000a\000l\000\040\000r\000i\000s\000k\000\040\000s\000c\000o\000r\000e\000s\000\040\000a\000n\000d\000\040\000l\000o\000g\000i\000s\000t\000i\000c\000\040\000m\000o\000d\000e\000l\000s}{subsection.2.4}% 17
\BOOKMARK [3][-]{subsubsection.2.4.2}{\376\377\000R\000a\000d\000i\000o\000m\000i\000c\000s\000\040\000p\000i\000p\000e\000l\000i\000n\000e\000s\000\040\000w\000i\000t\000h\000\040\000t\000r\000a\000d\000i\000t\000i\000o\000n\000a\000l\000\040\000m\000a\000c\000h\000i\000n\000e\000\040\000l\000e\000a\000r\000n\000i\000n\000g}{subsection.2.4}% 18
\BOOKMARK [3][-]{subsubsection.2.4.3}{\376\377\000D\000e\000e\000p\000-\000l\000e\000a\000r\000n\000i\000n\000g\000\040\000C\000A\000D\000\040\000s\000y\000s\000t\000e\000m\000s}{subsection.2.4}% 19
\BOOKMARK [3][-]{subsubsection.2.4.4}{\376\377\000T\000a\000b\000u\000l\000a\000r\000\040\000a\000n\000d\000\040\000m\000u\000l\000t\000i\000-\000m\000o\000d\000a\000l\000\040\000n\000o\000d\000u\000l\000e\000\040\000m\000o\000d\000e\000l\000s}{subsection.2.4}% 20
\BOOKMARK [2][-]{subsection.2.5}{\376\377\000B\000e\000n\000c\000h\000m\000a\000r\000k\000s\000\040\000a\000n\000d\000\040\000o\000p\000e\000n\000\040\000p\000r\000o\000b\000l\000e\000m\000s\000\040\000f\000o\000r\000\040\000c\000r\000o\000s\000s\000-\000d\000o\000m\000a\000i\000n\000\040\000t\000a\000b\000u\000l\000a\000r\000\040\000l\000e\000a\000r\000n\000i\000n\000g}{section.2}% 21
\BOOKMARK [3][-]{subsubsection.2.5.1}{\376\377\000G\000a\000p\000\040\000a\000n\000a\000l\000y\000s\000i\000s\000\040\000a\000n\000d\000\040\000p\000o\000s\000i\000t\000i\000o\000n\000i\000n\000g\000\040\000o\000f\000\040\000P\000A\000N\000D\000A}{subsection.2.5}% 22
\BOOKMARK [1][-]{section.3}{\376\377\000P\000r\000o\000b\000l\000e\000m\000\040\000F\000o\000r\000m\000u\000l\000a\000t\000i\000o\000n}{}% 23
\BOOKMARK [1][-]{section.4}{\376\377\000S\000o\000l\000u\000t\000i\000o\000n}{}% 24
\BOOKMARK [1][-]{section.5}{\376\377\000M\000e\000t\000h\000o\000d\000s}{}% 25
\BOOKMARK [2][-]{subsection.5.1}{\376\377\000M\000o\000t\000i\000v\000a\000t\000i\000n\000g\000\040\000C\000h\000a\000l\000l\000e\000n\000g\000e\000s\000\040\000a\000n\000d\000\040\000M\000e\000t\000h\000o\000d\000o\000l\000o\000g\000i\000c\000a\000l\000\040\000R\000e\000s\000p\000o\000n\000s\000e}{section.5}% 26
\BOOKMARK [2][-]{subsection.5.2}{\376\377\000T\000r\000a\000i\000n\000i\000n\000g\000\040\000a\000n\000d\000\040\000I\000n\000f\000e\000r\000e\000n\000c\000e\000\040\000P\000i\000p\000e\000l\000i\000n\000e}{section.5}% 27
\BOOKMARK [2][-]{subsection.5.3}{\376\377\000F\000o\000u\000n\000d\000a\000t\000i\000o\000n\000\040\000M\000o\000d\000e\000l\000\040\000A\000r\000c\000h\000i\000t\000e\000c\000t\000u\000r\000e}{section.5}% 28
\BOOKMARK [3][-]{subsubsection.5.3.1}{\376\377\000T\000a\000b\000P\000F\000N\000\040\000B\000a\000c\000k\000b\000o\000n\000e\000\040\000D\000e\000t\000a\000i\000l\000s}{subsection.5.3}% 29
\BOOKMARK [3][-]{subsubsection.5.3.2}{\376\377\000S\000y\000n\000t\000h\000e\000t\000i\000c\000\040\000T\000a\000s\000k\000\040\000G\000e\000n\000e\000r\000a\000t\000i\000o\000n}{subsection.5.3}% 30
\BOOKMARK [2][-]{subsection.5.4}{\376\377\000F\000e\000a\000t\000u\000r\000e\000\040\000S\000e\000l\000e\000c\000t\000i\000o\000n\000\040\000a\000n\000d\000\040\000P\000r\000e\000p\000r\000o\000c\000e\000s\000s\000i\000n\000g}{section.5}% 31
\BOOKMARK [3][-]{subsubsection.5.4.1}{\376\377\000C\000r\000o\000s\000s\000-\000D\000o\000m\000a\000i\000n\000\040\000R\000F\000E\000\040\000A\000l\000g\000o\000r\000i\000t\000h\000m}{subsection.5.4}% 32
\BOOKMARK [3][-]{subsubsection.5.4.2}{\376\377\000M\000u\000l\000t\000i\000-\000B\000r\000a\000n\000c\000h\000\040\000P\000r\000e\000p\000r\000o\000c\000e\000s\000s\000i\000n\000g\000\040\000P\000i\000p\000e\000l\000i\000n\000e}{subsection.5.4}% 33
\BOOKMARK [2][-]{subsection.5.5}{\376\377\000D\000o\000m\000a\000i\000n\000\040\000A\000d\000a\000p\000t\000a\000t\000i\000o\000n\000\040\000I\000m\000p\000l\000e\000m\000e\000n\000t\000a\000t\000i\000o\000n}{section.5}% 34
\BOOKMARK [3][-]{subsubsection.5.5.1}{\376\377\000T\000C\000A\000\040\000O\000p\000t\000i\000m\000i\000z\000a\000t\000i\000o\000n}{subsection.5.5}% 35
\BOOKMARK [3][-]{subsubsection.5.5.2}{\376\377\000L\000a\000b\000e\000l\000\040\000P\000r\000e\000v\000a\000l\000e\000n\000c\000e\000\040\000H\000a\000n\000d\000l\000i\000n\000g}{subsection.5.5}% 36
\BOOKMARK [2][-]{subsection.5.6}{\376\377\000A\000s\000s\000u\000m\000p\000t\000i\000o\000n\000s\000\040\000a\000n\000d\000\040\000M\000i\000t\000i\000g\000a\000t\000i\000o\000n\000\040\000S\000t\000r\000a\000t\000e\000g\000i\000e\000s}{section.5}% 37
\BOOKMARK [2][-]{subsection.5.7}{\376\377\000E\000t\000h\000i\000c\000s\000\040\000S\000t\000a\000t\000e\000m\000e\000n\000t\000\040\000a\000n\000d\000\040\000D\000a\000t\000a\000\040\000C\000o\000l\000l\000e\000c\000t\000i\000o\000n}{section.5}% 38
\BOOKMARK [3][-]{subsubsection.5.7.1}{\376\377\000D\000a\000t\000a\000\040\000V\000a\000r\000i\000a\000b\000l\000e\000s\000\040\000a\000n\000d\000\040\000M\000e\000a\000s\000u\000r\000e\000m\000e\000n\000t\000s}{subsection.5.7}% 39
\BOOKMARK [2][-]{subsection.5.8}{\376\377\000E\000x\000p\000e\000r\000i\000m\000e\000n\000t\000a\000l\000\040\000P\000r\000o\000c\000e\000d\000u\000r\000e\000s}{section.5}% 40
\BOOKMARK [3][-]{subsubsection.5.8.1}{\376\377\000C\000r\000o\000s\000s\000-\000V\000a\000l\000i\000d\000a\000t\000i\000o\000n\000\040\000P\000r\000o\000t\000o\000c\000o\000l}{subsection.5.8}% 41
\BOOKMARK [3][-]{subsubsection.5.8.2}{\376\377\000B\000a\000s\000e\000l\000i\000n\000e\000\040\000M\000e\000t\000h\000o\000d\000s}{subsection.5.8}% 42
\BOOKMARK [1][-]{section.6}{\376\377\000A\000n\000a\000l\000y\000s\000i\000s}{}% 43
\BOOKMARK [2][-]{subsection.6.1}{\376\377\000I\000n\000-\000C\000o\000n\000t\000e\000x\000t\000\040\000L\000e\000a\000r\000n\000i\000n\000g\000\040\000f\000o\000r\000\040\000S\000m\000a\000l\000l\000-\000S\000a\000m\000p\000l\000e\000\040\000R\000o\000b\000u\000s\000t\000n\000e\000s\000s}{section.6}% 44
\BOOKMARK [2][-]{subsection.6.2}{\376\377\000M\000i\000t\000i\000g\000a\000t\000i\000n\000g\000\040\000D\000i\000s\000t\000r\000i\000b\000u\000t\000i\000o\000n\000a\000l\000\040\000H\000e\000t\000e\000r\000o\000g\000e\000n\000e\000i\000t\000y}{section.6}% 45
\BOOKMARK [2][-]{subsection.6.3}{\376\377\000A\000d\000d\000r\000e\000s\000s\000i\000n\000g\000\040\000F\000e\000a\000t\000u\000r\000e\000\040\000I\000n\000c\000o\000n\000s\000i\000s\000t\000e\000n\000c\000y}{section.6}% 46
\BOOKMARK [2][-]{subsection.6.4}{\376\377\000L\000a\000t\000e\000n\000t\000\040\000S\000p\000a\000c\000e\000\040\000A\000l\000i\000g\000n\000m\000e\000n\000t\000\040\000f\000o\000r\000\040\000C\000o\000v\000a\000r\000i\000a\000t\000e\000\040\000S\000h\000i\000f\000t}{section.6}% 47
\BOOKMARK [2][-]{subsection.6.5}{\376\377\000S\000t\000a\000b\000i\000l\000i\000z\000i\000n\000g\000\040\000P\000r\000e\000d\000i\000c\000t\000i\000o\000n\000s\000\040\000w\000i\000t\000h\000\040\000E\000n\000s\000e\000m\000b\000l\000e\000\040\000A\000g\000g\000r\000e\000g\000a\000t\000i\000o\000n}{section.6}% 48
\BOOKMARK [2][-]{subsection.6.6}{\376\377\000W\000h\000y\000\040\000P\000A\000N\000D\000A\000\040\000O\000u\000t\000p\000e\000r\000f\000o\000r\000m\000s\000\040\000B\000a\000s\000e\000l\000i\000n\000e\000s}{section.6}% 49
\BOOKMARK [1][-]{section.7}{\376\377\000E\000v\000a\000l\000u\000a\000t\000i\000o\000n}{}% 50
\BOOKMARK [2][-]{subsection.7.1}{\376\377\000E\000v\000a\000l\000u\000a\000t\000i\000o\000n\000\040\000M\000e\000t\000r\000i\000c\000s\000\040\000a\000n\000d\000\040\000S\000t\000a\000t\000i\000s\000t\000i\000c\000a\000l\000\040\000A\000n\000a\000l\000y\000s\000i\000s}{section.7}% 51
\BOOKMARK [3][-]{subsubsection.7.1.1}{\376\377\000C\000l\000a\000s\000s\000i\000f\000i\000c\000a\000t\000i\000o\000n\000\040\000P\000e\000r\000f\000o\000r\000m\000a\000n\000c\000e\000\040\000M\000e\000t\000r\000i\000c\000s}{subsection.7.1}% 52
\BOOKMARK [3][-]{subsubsection.7.1.2}{\376\377\000V\000i\000s\000u\000a\000l\000i\000z\000a\000t\000i\000o\000n\000-\000B\000a\000s\000e\000d\000\040\000E\000v\000a\000l\000u\000a\000t\000i\000o\000n}{subsection.7.1}% 53
\BOOKMARK [2][-]{subsection.7.2}{\376\377\000E\000x\000p\000e\000r\000i\000m\000e\000n\000t\000a\000l\000\040\000S\000e\000t\000u\000p\000\040\000a\000n\000d\000\040\000R\000e\000s\000u\000l\000t\000s}{section.7}% 54
\BOOKMARK [2][-]{subsection.7.3}{\376\377\000A\000d\000d\000i\000t\000i\000o\000n\000a\000l\000\040\000C\000r\000o\000s\000s\000-\000D\000o\000m\000a\000i\000n\000\040\000V\000a\000l\000i\000d\000a\000t\000i\000o\000n\000\040\000o\000n\000\040\000a\000\040\000P\000u\000b\000l\000i\000c\000\040\000B\000e\000n\000c\000h\000m\000a\000r\000k}{section.7}% 55
\BOOKMARK [2][-]{subsection.7.4}{\376\377\000M\000o\000d\000e\000l\000\040\000E\000x\000p\000l\000a\000i\000n\000a\000b\000i\000l\000i\000t\000y\000,\000\040\000R\000e\000l\000i\000a\000b\000i\000l\000i\000t\000y\000,\000\040\000a\000n\000d\000\040\000C\000l\000i\000n\000i\000c\000a\000l\000\040\000U\000t\000i\000l\000i\000t\000y}{section.7}% 56
\BOOKMARK [1][-]{section.8}{\376\377\000C\000o\000n\000c\000l\000u\000s\000i\000o\000n}{}% 57
